<?xml version="1.0" encoding="UTF-8"?>
<!-- Generated by org.testng.reporters.JUnitReportReporter -->
<testsuite skipped="0" hostname="BNG-3Z8DYZ2" name="com.growthPartner.Api.test.GrowthPartner_API" tests="1" failures="0" timestamp="2022-11-18T10:50:40 IST" time="2.328" errors="0">
  <testcase name="generateOTP_TC1_gp" time="2.328" classname="com.growthPartner.Api.test.GrowthPartner_API"/>
  <system-out/>
</testsuite> <!-- com.growthPartner.Api.test.GrowthPartner_API -->
