<?xml version="1.0" encoding="UTF-8"?>
<!-- Generated by org.testng.reporters.JUnitReportReporter -->
<testsuite hostname="BNG-3Z8DYZ2" failures="0" tests="1" name="com.plms.Api.test.Docs_service_GET_POST" time="3.291" errors="0" timestamp="2022-11-02T15:21:59 IST" skipped="0">
  <testcase classname="com.plms.Api.test.Docs_service_GET_POST" name="document_meta_data_Docs_service_TC1" time="3.291"/>
  <system-out/>
</testsuite> <!-- com.plms.Api.test.Docs_service_GET_POST -->
