<?xml version="1.0" encoding="UTF-8"?>
<!-- Generated by org.testng.reporters.JUnitReportReporter -->
<testsuite hostname="BNG-3Z8DYZ2" failures="0" tests="2" name="com.docsService.Api.test.DocsService_API" time="4.898" errors="0" timestamp="2022-09-21T13:16:11 IST" skipped="0">
  <testcase classname="com.docsService.Api.test.DocsService_API" name="document_meta_data_Docs_service_TC1" time="4.137"/>
  <system-out/>
  <testcase classname="com.docsService.Api.test.DocsService_API" name="UpdateDocument_DocsService" time="0.761"/>
  <system-out/>
</testsuite> <!-- com.docsService.Api.test.DocsService_API -->
