<?xml version="1.0" encoding="UTF-8"?>
<!-- Generated by org.testng.reporters.JUnitReportReporter -->
<testsuite hostname="BNG-3Z8DYZ2" failures="0" tests="9" name="com.authService.Api.test.AuthService_negative_API_TC" time="6.231" errors="0" timestamp="2022-11-16T11:58:34 IST" skipped="0">
  <testcase classname="com.authService.Api.test.AuthService_negative_API_TC" name="authService_generateOTP_negative_TC1" time="2.814"/>
  <system-out/>
  <testcase classname="com.authService.Api.test.AuthService_negative_API_TC" name="authService_regenerateOTP_negative_TC2" time="0.459"/>
  <system-out/>
  <testcase classname="com.authService.Api.test.AuthService_negative_API_TC" name="authService_verifiyOTP_invalidOTP_TC3a" time="0.437"/>
  <system-out/>
  <testcase classname="com.authService.Api.test.AuthService_negative_API_TC" name="authService_verifiyOTP_invalidUsername_TC3b" time="0.474"/>
  <system-out/>
  <testcase classname="com.authService.Api.test.AuthService_negative_API_TC" name="authService_verifiyOTP_emptyUsername_TC3c" time="0.364"/>
  <system-out/>
  <testcase classname="com.authService.Api.test.AuthService_negative_API_TC" name="authService_verifyTicket_noticketValue_TC4a" time="0.357"/>
  <system-out/>
  <testcase classname="com.authService.Api.test.AuthService_negative_API_TC" name="authService_verifyTicket_invalidTicketValue_TC4b" time="0.327"/>
  <system-out/>
  <testcase classname="com.authService.Api.test.AuthService_negative_API_TC" name="authService_userDetails_InavalidUuid_TC5a" time="0.625"/>
  <system-out/>
  <testcase classname="com.authService.Api.test.AuthService_negative_API_TC" name="authService_userDetails_emptyUUid_TC5b" time="0.374"/>
  <system-out/>
</testsuite> <!-- com.authService.Api.test.AuthService_negative_API_TC -->
