<?xml version="1.0" encoding="UTF-8"?>
<!-- Generated by org.testng.reporters.JUnitReportReporter -->
<testsuite hostname="BNG-3Z8DYZ2" failures="0" tests="6" name="com.authService.Api.test.AuthService_API" time="5.747" errors="0" timestamp="2022-11-15T11:15:16 IST" skipped="0">
  <testcase classname="com.authService.Api.test.AuthService_API" name="authService_verifyOTP_TC3" time="0.994"/>
  <system-out/>
  <testcase classname="com.authService.Api.test.AuthService_API" name="authService_userDetails_TC5" time="0.605"/>
  <system-out/>
  <testcase classname="com.authService.Api.test.AuthService_API" name="authService_verifyTicket_TC4" time="0.523"/>
  <system-out/>
  <testcase classname="com.authService.Api.test.AuthService_API" name="authService_logout_TC6" time="0.429"/>
  <system-out/>
  <testcase classname="com.authService.Api.test.AuthService_API" name="authserivice_generateOTP_TC1" time="2.620"/>
  <system-out/>
  <testcase classname="com.authService.Api.test.AuthService_API" name="authService_RetriggerOTP_TC2" time="0.576"/>
  <system-out/>
</testsuite> <!-- com.authService.Api.test.AuthService_API -->
