<?xml version="1.0" encoding="UTF-8"?>
<!-- Generated by org.testng.reporters.JUnitReportReporter -->
<testsuite hostname="BNG-3Z8DYZ2" failures="0" tests="3" name="com.docsService.Api.test.AuthService_API" time="4.282" errors="0" timestamp="2022-11-11T11:18:36 IST" skipped="0">
  <testcase classname="com.docsService.Api.test.AuthService_API" name="authService_verifyOTP_TC3" time="0.955"/>
  <system-out/>
  <testcase classname="com.docsService.Api.test.AuthService_API" name="authserivice_generateOTP_TC1" time="2.916"/>
  <system-out/>
  <testcase classname="com.docsService.Api.test.AuthService_API" name="authService_RetriggerOTP_TC2" time="0.411"/>
  <system-out/>
</testsuite> <!-- com.docsService.Api.test.AuthService_API -->
